{"D:\\projects\\stepik-courses\\node\\node-api\\src\\app.ts": {"path":"D:\\projects\\stepik-courses\\node\\node-api\\src\\app.ts","statementMap":{"0":{"start":{"line":1,"column":0},"end":{"line":1,"column":35}},"1":{"start":{"line":2,"column":0},"end":{"line":2,"column":43}},"2":{"start":{"line":4,"column":0},"end":{"line":4,"column":47}},"3":{"start":{"line":5,"column":0},"end":{"line":5,"column":58}},"4":{"start":{"line":7,"column":0},"end":{"line":7,"column":58}},"5":{"start":{"line":10,"column":0},"end":{"line":10,"column":59}},"6":{"start":{"line":11,"column":0},"end":{"line":11,"column":41}},"7":{"start":{"line":14,"column":7},"end":{"line":58,"column":null}},"8":{"start":{"line":20,"column":41},"end":{"line":20,"column":56}},"9":{"start":{"line":21,"column":50},"end":{"line":21,"column":67}},"10":{"start":{"line":22,"column":49},"end":{"line":22,"column":80}},"11":{"start":{"line":23,"column":48},"end":{"line":23,"column":63}},"12":{"start":{"line":24,"column":48},"end":{"line":24,"column":77}},"13":{"start":{"line":26,"column":2},"end":{"line":26,"column":23}},"14":{"start":{"line":27,"column":2},"end":{"line":27,"column":19}},"15":{"start":{"line":31,"column":2},"end":{"line":31,"column":23}},"16":{"start":{"line":33,"column":25},"end":{"line":33,"column":77}},"17":{"start":{"line":35,"column":2},"end":{"line":35,"column":57}},"18":{"start":{"line":39,"column":2},"end":{"line":39,"column":54}},"19":{"start":{"line":43,"column":2},"end":{"line":43,"column":68}},"20":{"start":{"line":47,"column":2},"end":{"line":47,"column":23}},"21":{"start":{"line":48,"column":2},"end":{"line":48,"column":19}},"22":{"start":{"line":49,"column":2},"end":{"line":49,"column":27}},"23":{"start":{"line":50,"column":2},"end":{"line":50,"column":37}},"24":{"start":{"line":51,"column":2},"end":{"line":51,"column":43}},"25":{"start":{"line":52,"column":2},"end":{"line":52,"column":70}},"26":{"start":{"line":56,"column":2},"end":{"line":56,"column":22}},"27":{"start":{"line":14,"column":13},"end":{"line":14,"column":16}},"28":{"start":{"line":14,"column":13},"end":{"line":58,"column":null}}},"fnMap":{"0":{"name":"(anonymous_12)","decl":{"start":{"line":19,"column":1},"end":{"line":19,"column":null}},"loc":{"start":{"line":24,"column":77},"end":{"line":28,"column":2}}},"1":{"name":"(anonymous_13)","decl":{"start":{"line":30,"column":1},"end":{"line":30,"column":14}},"loc":{"start":{"line":30,"column":14},"end":{"line":36,"column":2}}},"2":{"name":"(anonymous_14)","decl":{"start":{"line":38,"column":1},"end":{"line":38,"column":10}},"loc":{"start":{"line":38,"column":10},"end":{"line":40,"column":2}}},"3":{"name":"(anonymous_15)","decl":{"start":{"line":42,"column":1},"end":{"line":42,"column":18}},"loc":{"start":{"line":42,"column":18},"end":{"line":44,"column":2}}},"4":{"name":"(anonymous_16)","decl":{"start":{"line":46,"column":14},"end":{"line":46,"column":18}},"loc":{"start":{"line":46,"column":18},"end":{"line":53,"column":null}}},"5":{"name":"(anonymous_18)","decl":{"start":{"line":55,"column":8},"end":{"line":55,"column":13}},"loc":{"start":{"line":55,"column":13},"end":{"line":57,"column":2}}}},"branchMap":{},"s":{"0":1,"1":1,"2":1,"3":1,"4":1,"5":1,"6":1,"7":1,"8":1,"9":1,"10":1,"11":1,"12":1,"13":1,"14":1,"15":1,"16":1,"17":1,"18":1,"19":1,"20":1,"21":1,"22":1,"23":1,"24":1,"25":1,"26":1,"27":1,"28":1},"f":{"0":1,"1":1,"2":1,"3":1,"4":1,"5":1},"b":{}}
,"D:\\projects\\stepik-courses\\node\\node-api\\src\\main.ts": {"path":"D:\\projects\\stepik-courses\\node\\node-api\\src\\main.ts","statementMap":{"0":{"start":{"line":1,"column":0},"end":{"line":1,"column":26}},"1":{"start":{"line":2,"column":0},"end":{"line":2,"column":67}},"2":{"start":{"line":4,"column":0},"end":{"line":4,"column":56}},"3":{"start":{"line":5,"column":0},"end":{"line":5,"column":58}},"4":{"start":{"line":7,"column":0},"end":{"line":7,"column":66}},"5":{"start":{"line":9,"column":0},"end":{"line":9,"column":56}},"6":{"start":{"line":10,"column":0},"end":{"line":10,"column":59}},"7":{"start":{"line":12,"column":0},"end":{"line":12,"column":59}},"8":{"start":{"line":14,"column":0},"end":{"line":14,"column":53}},"9":{"start":{"line":16,"column":0},"end":{"line":16,"column":28}},"10":{"start":{"line":17,"column":0},"end":{"line":17,"column":41}},"11":{"start":{"line":24,"column":20},"end":{"line":33,"column":2}},"12":{"start":{"line":25,"column":1},"end":{"line":25,"column":47}},"13":{"start":{"line":26,"column":1},"end":{"line":26,"column":73}},"14":{"start":{"line":27,"column":1},"end":{"line":27,"column":76}},"15":{"start":{"line":28,"column":1},"end":{"line":28,"column":67}},"16":{"start":{"line":29,"column":1},"end":{"line":29,"column":75}},"17":{"start":{"line":30,"column":1},"end":{"line":30,"column":89}},"18":{"start":{"line":31,"column":1},"end":{"line":31,"column":88}},"19":{"start":{"line":32,"column":1},"end":{"line":32,"column":95}},"20":{"start":{"line":35,"column":18},"end":{"line":45,"column":2}},"21":{"start":{"line":35,"column":55},"end":{"line":45,"column":2}},"22":{"start":{"line":36,"column":22},"end":{"line":36,"column":37}},"23":{"start":{"line":38,"column":1},"end":{"line":38,"column":32}},"24":{"start":{"line":40,"column":13},"end":{"line":40,"column":62}},"25":{"start":{"line":42,"column":1},"end":{"line":42,"column":18}},"26":{"start":{"line":44,"column":1},"end":{"line":44,"column":30}},"27":{"start":{"line":47,"column":13},"end":{"line":47,"column":32}}},"fnMap":{"0":{"name":"(anonymous_7)","decl":{"start":{"line":24,"column":40},"end":{"line":24,"column":41}},"loc":{"start":{"line":24,"column":66},"end":{"line":33,"column":1}}},"1":{"name":"(anonymous_8)","decl":{"start":{"line":35,"column":18},"end":{"line":35,"column":53}},"loc":{"start":{"line":35,"column":55},"end":{"line":45,"column":2}}},"2":{"name":"(anonymous_9)","decl":{"start":{"line":35,"column":55},"end":{"line":35,"column":null}},"loc":{"start":{"line":35,"column":55},"end":{"line":45,"column":1}}}},"branchMap":{},"s":{"0":1,"1":1,"2":1,"3":1,"4":1,"5":1,"6":1,"7":1,"8":1,"9":1,"10":1,"11":1,"12":1,"13":1,"14":1,"15":1,"16":1,"17":1,"18":1,"19":1,"20":1,"21":1,"22":1,"23":1,"24":1,"25":1,"26":1,"27":1},"f":{"0":1,"1":1,"2":1},"b":{}}
,"D:\\projects\\stepik-courses\\node\\node-api\\src\\types.ts": {"path":"D:\\projects\\stepik-courses\\node\\node-api\\src\\types.ts","statementMap":{"0":{"start":{"line":1,"column":23},"end":{"line":10,"column":2}},"1":{"start":{"line":12,"column":9},"end":{"line":12,"column":23}}},"fnMap":{},"branchMap":{},"s":{"0":1,"1":1},"f":{},"b":{}}
,"D:\\projects\\stepik-courses\\node\\node-api\\src\\common\\auth.guard.ts": {"path":"D:\\projects\\stepik-courses\\node\\node-api\\src\\common\\auth.guard.ts","statementMap":{"0":{"start":{"line":6,"column":2},"end":{"line":8,"column":3}},"1":{"start":{"line":7,"column":3},"end":{"line":7,"column":17}},"2":{"start":{"line":10,"column":2},"end":{"line":10,"column":60}},"3":{"start":{"line":4,"column":0},"end":{"line":4,"column":13}}},"fnMap":{"0":{"name":"(anonymous_0)","decl":{"start":{"line":5,"column":1},"end":{"line":5,"column":5}},"loc":{"start":{"line":5,"column":53},"end":{"line":11,"column":2}}}},"branchMap":{"0":{"loc":{"start":{"line":6,"column":2},"end":{"line":8,"column":3}},"type":"if","locations":[{"start":{"line":6,"column":2},"end":{"line":8,"column":3}}]}},"s":{"0":2,"1":1,"2":1,"3":1},"f":{"0":2},"b":{"0":[1]}}
,"D:\\projects\\stepik-courses\\node\\node-api\\src\\common\\auth.middleware.ts": {"path":"D:\\projects\\stepik-courses\\node\\node-api\\src\\common\\auth.middleware.ts","statementMap":{"0":{"start":{"line":2,"column":0},"end":{"line":2,"column":38}},"1":{"start":{"line":6,"column":21},"end":{"line":6,"column":35}},"2":{"start":{"line":8,"column":16},"end":{"line":8,"column":41}},"3":{"start":{"line":10,"column":2},"end":{"line":21,"column":3}},"4":{"start":{"line":11,"column":3},"end":{"line":18,"column":6}},"5":{"start":{"line":12,"column":4},"end":{"line":17,"column":5}},"6":{"start":{"line":13,"column":5},"end":{"line":13,"column":12}},"7":{"start":{"line":14,"column":11},"end":{"line":17,"column":5}},"8":{"start":{"line":15,"column":5},"end":{"line":15,"column":30}},"9":{"start":{"line":16,"column":5},"end":{"line":16,"column":12}},"10":{"start":{"line":20,"column":3},"end":{"line":20,"column":10}},"11":{"start":{"line":5,"column":0},"end":{"line":5,"column":13}}},"fnMap":{"0":{"name":"(anonymous_0)","decl":{"start":{"line":6,"column":1},"end":{"line":6,"column":21}},"loc":{"start":{"line":6,"column":35},"end":{"line":6,"column":39}}},"1":{"name":"(anonymous_1)","decl":{"start":{"line":7,"column":1},"end":{"line":7,"column":5}},"loc":{"start":{"line":7,"column":53},"end":{"line":22,"column":2}}},"2":{"name":"(anonymous_2)","decl":{"start":{"line":11,"column":64},"end":{"line":11,"column":65}},"loc":{"start":{"line":11,"column":83},"end":{"line":18,"column":4}}}},"branchMap":{"0":{"loc":{"start":{"line":10,"column":2},"end":{"line":21,"column":3}},"type":"if","locations":[{"start":{"line":10,"column":2},"end":{"line":21,"column":3}},{"start":{"line":19,"column":9},"end":{"line":21,"column":3}}]},"1":{"loc":{"start":{"line":12,"column":4},"end":{"line":17,"column":5}},"type":"if","locations":[{"start":{"line":12,"column":4},"end":{"line":17,"column":5}},{"start":{"line":14,"column":11},"end":{"line":17,"column":5}}]},"2":{"loc":{"start":{"line":14,"column":11},"end":{"line":17,"column":5}},"type":"if","locations":[{"start":{"line":14,"column":11},"end":{"line":17,"column":5}}]},"3":{"loc":{"start":{"line":14,"column":15},"end":{"line":14,"column":53}},"type":"binary-expr","locations":[{"start":{"line":14,"column":15},"end":{"line":14,"column":22}},{"start":{"line":14,"column":26},"end":{"line":14,"column":53}}]}},"s":{"0":1,"1":1,"2":7,"3":7,"4":2,"5":2,"6":1,"7":1,"8":1,"9":1,"10":5,"11":1},"f":{"0":1,"1":7,"2":2},"b":{"0":[2,5],"1":[1,1],"2":[1],"3":[1,1]}}
,"D:\\projects\\stepik-courses\\node\\node-api\\src\\common\\base.controller.ts": {"path":"D:\\projects\\stepik-courses\\node\\node-api\\src\\common\\base.controller.ts","statementMap":{"0":{"start":{"line":1,"column":0},"end":{"line":1,"column":43}},"1":{"start":{"line":2,"column":0},"end":{"line":2,"column":47}},"2":{"start":{"line":4,"column":0},"end":{"line":4,"column":42}},"3":{"start":{"line":8,"column":7},"end":{"line":44,"column":null}},"4":{"start":{"line":11,"column":52},"end":{"line":11,"column":67}},"5":{"start":{"line":12,"column":2},"end":{"line":12,"column":26}},"6":{"start":{"line":16,"column":2},"end":{"line":16,"column":22}},"7":{"start":{"line":20,"column":2},"end":{"line":20,"column":31}},"8":{"start":{"line":21,"column":2},"end":{"line":21,"column":33}},"9":{"start":{"line":25,"column":2},"end":{"line":25,"column":34}},"10":{"start":{"line":29,"column":2},"end":{"line":29,"column":22}},"11":{"start":{"line":33,"column":2},"end":{"line":42,"column":3}},"12":{"start":{"line":34,"column":3},"end":{"line":34,"column":54}},"13":{"start":{"line":36,"column":19},"end":{"line":36,"column":43}},"14":{"start":{"line":37,"column":22},"end":{"line":37,"column":94}},"15":{"start":{"line":37,"column":61},"end":{"line":37,"column":93}},"16":{"start":{"line":39,"column":20},"end":{"line":39,"column":67}},"17":{"start":{"line":41,"column":3},"end":{"line":41,"column":51}},"18":{"start":{"line":8,"column":22},"end":{"line":8,"column":36}},"19":{"start":{"line":8,"column":22},"end":{"line":44,"column":null}}},"fnMap":{"0":{"name":"(anonymous_4)","decl":{"start":{"line":11,"column":1},"end":{"line":11,"column":14}},"loc":{"start":{"line":11,"column":67},"end":{"line":13,"column":2}}},"1":{"name":"(anonymous_5)","decl":{"start":{"line":15,"column":1},"end":{"line":15,"column":5}},"loc":{"start":{"line":15,"column":11},"end":{"line":17,"column":2}}},"2":{"name":"(anonymous_6)","decl":{"start":{"line":19,"column":8},"end":{"line":19,"column":12}},"loc":{"start":{"line":19,"column":55},"end":{"line":22,"column":2}}},"3":{"name":"(anonymous_7)","decl":{"start":{"line":24,"column":8},"end":{"line":24,"column":10}},"loc":{"start":{"line":24,"column":39},"end":{"line":26,"column":2}}},"4":{"name":"(anonymous_8)","decl":{"start":{"line":28,"column":8},"end":{"line":28,"column":15}},"loc":{"start":{"line":28,"column":29},"end":{"line":30,"column":2}}},"5":{"name":"(anonymous_9)","decl":{"start":{"line":32,"column":11},"end":{"line":32,"column":21}},"loc":{"start":{"line":32,"column":48},"end":{"line":43,"column":2}}},"6":{"name":"(anonymous_10)","decl":{"start":{"line":37,"column":45},"end":{"line":37,"column":46}},"loc":{"start":{"line":37,"column":61},"end":{"line":37,"column":93}}}},"branchMap":{"0":{"loc":{"start":{"line":37,"column":22},"end":{"line":37,"column":94}},"type":"cond-expr","locations":[{"start":{"line":37,"column":39},"end":{"line":37,"column":41}},{"start":{"line":37,"column":39},"end":{"line":37,"column":94}}]},"1":{"loc":{"start":{"line":37,"column":22},"end":{"line":37,"column":41}},"type":"binary-expr","locations":[{"start":{"line":37,"column":22},"end":{"line":37,"column":41}},{"start":{"line":37,"column":39},"end":{"line":37,"column":41}}]},"2":{"loc":{"start":{"line":39,"column":20},"end":{"line":39,"column":67}},"type":"cond-expr","locations":[{"start":{"line":39,"column":33},"end":{"line":39,"column":57}},{"start":{"line":39,"column":60},"end":{"line":39,"column":67}}]}},"s":{"0":1,"1":1,"2":1,"3":1,"4":1,"5":1,"6":4,"7":4,"8":4,"9":4,"10":0,"11":1,"12":3,"13":3,"14":3,"15":3,"16":3,"17":3,"18":1,"19":1},"f":{"0":1,"1":4,"2":4,"3":4,"4":0,"5":1,"6":3},"b":{"0":[0,3],"1":[3,3],"2":[3,0]}}
,"D:\\projects\\stepik-courses\\node\\node-api\\src\\common\\validate.middleware.ts": {"path":"D:\\projects\\stepik-courses\\node\\node-api\\src\\common\\validate.middleware.ts","statementMap":{"0":{"start":{"line":1,"column":0},"end":{"line":1,"column":67}},"1":{"start":{"line":2,"column":0},"end":{"line":2,"column":43}},"2":{"start":{"line":7,"column":21},"end":{"line":7,"column":62}},"3":{"start":{"line":10,"column":19},"end":{"line":10,"column":63}},"4":{"start":{"line":12,"column":2},"end":{"line":18,"column":5}},"5":{"start":{"line":13,"column":3},"end":{"line":17,"column":4}},"6":{"start":{"line":14,"column":4},"end":{"line":14,"column":33}},"7":{"start":{"line":16,"column":4},"end":{"line":16,"column":11}},"8":{"start":{"line":6,"column":0},"end":{"line":6,"column":13}}},"fnMap":{"0":{"name":"(anonymous_0)","decl":{"start":{"line":7,"column":1},"end":{"line":7,"column":21}},"loc":{"start":{"line":7,"column":62},"end":{"line":7,"column":66}}},"1":{"name":"(anonymous_1)","decl":{"start":{"line":9,"column":1},"end":{"line":9,"column":5}},"loc":{"start":{"line":9,"column":53},"end":{"line":19,"column":2}}},"2":{"name":"(anonymous_2)","decl":{"start":{"line":12,"column":26},"end":{"line":12,"column":27}},"loc":{"start":{"line":12,"column":37},"end":{"line":18,"column":3}}}},"branchMap":{"0":{"loc":{"start":{"line":13,"column":3},"end":{"line":17,"column":4}},"type":"if","locations":[{"start":{"line":13,"column":3},"end":{"line":17,"column":4}},{"start":{"line":15,"column":10},"end":{"line":17,"column":4}}]}},"s":{"0":1,"1":1,"2":2,"3":5,"4":5,"5":5,"6":0,"7":5,"8":1},"f":{"0":2,"1":5,"2":5},"b":{"0":[0,5]}}
,"D:\\projects\\stepik-courses\\node\\node-api\\src\\config\\config.service.ts": {"path":"D:\\projects\\stepik-courses\\node\\node-api\\src\\config\\config.service.ts","statementMap":{"0":{"start":{"line":1,"column":0},"end":{"line":1,"column":51}},"1":{"start":{"line":2,"column":0},"end":{"line":2,"column":47}},"2":{"start":{"line":4,"column":0},"end":{"line":4,"column":42}},"3":{"start":{"line":8,"column":7},"end":{"line":26,"column":null}},"4":{"start":{"line":10,"column":52},"end":{"line":10,"column":67}},"5":{"start":{"line":11,"column":22},"end":{"line":11,"column":30}},"6":{"start":{"line":13,"column":2},"end":{"line":15,"column":3}},"7":{"start":{"line":14,"column":3},"end":{"line":14,"column":65}},"8":{"start":{"line":17,"column":2},"end":{"line":21,"column":3}},"9":{"start":{"line":18,"column":3},"end":{"line":18,"column":53}},"10":{"start":{"line":20,"column":3},"end":{"line":20,"column":36}},"11":{"start":{"line":24,"column":2},"end":{"line":24,"column":26}},"12":{"start":{"line":8,"column":13},"end":{"line":8,"column":26}},"13":{"start":{"line":8,"column":13},"end":{"line":26,"column":null}}},"fnMap":{"0":{"name":"(anonymous_4)","decl":{"start":{"line":10,"column":1},"end":{"line":10,"column":14}},"loc":{"start":{"line":10,"column":67},"end":{"line":22,"column":2}}},"1":{"name":"(anonymous_5)","decl":{"start":{"line":23,"column":1},"end":{"line":23,"column":4}},"loc":{"start":{"line":23,"column":16},"end":{"line":25,"column":2}}}},"branchMap":{"0":{"loc":{"start":{"line":13,"column":2},"end":{"line":15,"column":3}},"type":"if","locations":[{"start":{"line":13,"column":2},"end":{"line":15,"column":3}}]},"1":{"loc":{"start":{"line":17,"column":2},"end":{"line":21,"column":3}},"type":"if","locations":[{"start":{"line":17,"column":2},"end":{"line":21,"column":3}}]},"2":{"loc":{"start":{"line":17,"column":6},"end":{"line":17,"column":66}},"type":"binary-expr","locations":[{"start":{"line":17,"column":6},"end":{"line":17,"column":24}},{"start":{"line":17,"column":28},"end":{"line":17,"column":66}}]}},"s":{"0":1,"1":1,"2":1,"3":1,"4":1,"5":1,"6":1,"7":0,"8":1,"9":1,"10":1,"11":5,"12":1,"13":1},"f":{"0":1,"1":5},"b":{"0":[0],"1":[1],"2":[1,1]}}
,"D:\\projects\\stepik-courses\\node\\node-api\\src\\database\\prisma.service.ts": {"path":"D:\\projects\\stepik-courses\\node\\node-api\\src\\database\\prisma.service.ts","statementMap":{"0":{"start":{"line":1,"column":0},"end":{"line":1,"column":47}},"1":{"start":{"line":3,"column":0},"end":{"line":3,"column":42}},"2":{"start":{"line":5,"column":0},"end":{"line":5,"column":46}},"3":{"start":{"line":8,"column":7},"end":{"line":29,"column":null}},"4":{"start":{"line":11,"column":52},"end":{"line":11,"column":67}},"5":{"start":{"line":12,"column":2},"end":{"line":12,"column":35}},"6":{"start":{"line":16,"column":2},"end":{"line":23,"column":3}},"7":{"start":{"line":17,"column":3},"end":{"line":17,"column":32}},"8":{"start":{"line":18,"column":3},"end":{"line":18,"column":61}},"9":{"start":{"line":20,"column":3},"end":{"line":22,"column":4}},"10":{"start":{"line":21,"column":4},"end":{"line":21,"column":77}},"11":{"start":{"line":27,"column":2},"end":{"line":27,"column":34}},"12":{"start":{"line":8,"column":13},"end":{"line":8,"column":26}},"13":{"start":{"line":8,"column":13},"end":{"line":29,"column":null}}},"fnMap":{"0":{"name":"(anonymous_11)","decl":{"start":{"line":11,"column":1},"end":{"line":11,"column":14}},"loc":{"start":{"line":11,"column":67},"end":{"line":13,"column":2}}},"1":{"name":"(anonymous_12)","decl":{"start":{"line":15,"column":7},"end":{"line":15,"column":14}},"loc":{"start":{"line":15,"column":14},"end":{"line":24,"column":null}}},"2":{"name":"(anonymous_14)","decl":{"start":{"line":26,"column":7},"end":{"line":26,"column":17}},"loc":{"start":{"line":26,"column":17},"end":{"line":28,"column":null}}}},"branchMap":{"0":{"loc":{"start":{"line":20,"column":3},"end":{"line":22,"column":4}},"type":"if","locations":[{"start":{"line":20,"column":3},"end":{"line":22,"column":4}}]}},"s":{"0":1,"1":1,"2":1,"3":1,"4":1,"5":1,"6":1,"7":1,"8":1,"9":0,"10":0,"11":0,"12":1,"13":1},"f":{"0":1,"1":1,"2":0},"b":{"0":[0]}}
,"D:\\projects\\stepik-courses\\node\\node-api\\src\\errors\\exeption-filter.service.ts": {"path":"D:\\projects\\stepik-courses\\node\\node-api\\src\\errors\\exeption-filter.service.ts","statementMap":{"0":{"start":{"line":2,"column":0},"end":{"line":2,"column":47}},"1":{"start":{"line":4,"column":0},"end":{"line":4,"column":42}},"2":{"start":{"line":6,"column":0},"end":{"line":6,"column":47}},"3":{"start":{"line":9,"column":7},"end":{"line":21,"column":null}},"4":{"start":{"line":10,"column":52},"end":{"line":10,"column":67}},"5":{"start":{"line":13,"column":2},"end":{"line":19,"column":3}},"6":{"start":{"line":14,"column":3},"end":{"line":14,"column":88}},"7":{"start":{"line":15,"column":3},"end":{"line":15,"column":68}},"8":{"start":{"line":17,"column":3},"end":{"line":17,"column":36}},"9":{"start":{"line":18,"column":3},"end":{"line":18,"column":55}},"10":{"start":{"line":9,"column":13},"end":{"line":9,"column":27}},"11":{"start":{"line":9,"column":13},"end":{"line":21,"column":null}}},"fnMap":{"0":{"name":"(anonymous_4)","decl":{"start":{"line":10,"column":1},"end":{"line":10,"column":14}},"loc":{"start":{"line":10,"column":67},"end":{"line":10,"column":71}}},"1":{"name":"(anonymous_5)","decl":{"start":{"line":12,"column":1},"end":{"line":12,"column":6}},"loc":{"start":{"line":12,"column":89},"end":{"line":20,"column":2}}}},"branchMap":{"0":{"loc":{"start":{"line":13,"column":2},"end":{"line":19,"column":3}},"type":"if","locations":[{"start":{"line":13,"column":2},"end":{"line":19,"column":3}},{"start":{"line":16,"column":9},"end":{"line":19,"column":3}}]}},"s":{"0":1,"1":1,"2":1,"3":1,"4":1,"5":2,"6":2,"7":2,"8":0,"9":0,"10":1,"11":1},"f":{"0":1,"1":2},"b":{"0":[2,0]}}
,"D:\\projects\\stepik-courses\\node\\node-api\\src\\errors\\http-error.class.ts": {"path":"D:\\projects\\stepik-courses\\node\\node-api\\src\\errors\\http-error.class.ts","statementMap":{"0":{"start":{"line":6,"column":2},"end":{"line":6,"column":17}},"1":{"start":{"line":7,"column":2},"end":{"line":7,"column":31}},"2":{"start":{"line":8,"column":2},"end":{"line":8,"column":25}},"3":{"start":{"line":9,"column":2},"end":{"line":9,"column":25}},"4":{"start":{"line":1,"column":0},"end":{"line":1,"column":13}}},"fnMap":{"0":{"name":"(anonymous_0)","decl":{"start":{"line":5,"column":1},"end":{"line":5,"column":13}},"loc":{"start":{"line":5,"column":66},"end":{"line":10,"column":2}}}},"branchMap":{},"s":{"0":2,"1":2,"2":2,"3":2,"4":1},"f":{"0":2},"b":{}}
,"D:\\projects\\stepik-courses\\node\\node-api\\src\\logger\\logger.service.ts": {"path":"D:\\projects\\stepik-courses\\node\\node-api\\src\\logger\\logger.service.ts","statementMap":{"0":{"start":{"line":1,"column":0},"end":{"line":1,"column":39}},"1":{"start":{"line":2,"column":0},"end":{"line":2,"column":31}},"2":{"start":{"line":6,"column":7},"end":{"line":29,"column":null}},"3":{"start":{"line":10,"column":2},"end":{"line":15,"column":5}},"4":{"start":{"line":19,"column":2},"end":{"line":19,"column":28}},"5":{"start":{"line":23,"column":2},"end":{"line":23,"column":29}},"6":{"start":{"line":27,"column":2},"end":{"line":27,"column":28}},"7":{"start":{"line":6,"column":13},"end":{"line":6,"column":26}},"8":{"start":{"line":6,"column":13},"end":{"line":29,"column":null}}},"fnMap":{"0":{"name":"(anonymous_2)","decl":{"start":{"line":9,"column":1},"end":{"line":9,"column":null}},"loc":{"start":{"line":9,"column":1},"end":{"line":16,"column":2}}},"1":{"name":"(anonymous_3)","decl":{"start":{"line":18,"column":1},"end":{"line":18,"column":5}},"loc":{"start":{"line":18,"column":24},"end":{"line":20,"column":2}}},"2":{"name":"(anonymous_4)","decl":{"start":{"line":22,"column":1},"end":{"line":22,"column":6}},"loc":{"start":{"line":22,"column":25},"end":{"line":24,"column":2}}},"3":{"name":"(anonymous_5)","decl":{"start":{"line":26,"column":1},"end":{"line":26,"column":5}},"loc":{"start":{"line":26,"column":24},"end":{"line":28,"column":2}}}},"branchMap":{},"s":{"0":1,"1":1,"2":1,"3":1,"4":6,"5":2,"6":0,"7":1,"8":1},"f":{"0":1,"1":6,"2":2,"3":0},"b":{}}
,"D:\\projects\\stepik-courses\\node\\node-api\\src\\users\\user.entity.ts": {"path":"D:\\projects\\stepik-courses\\node\\node-api\\src\\users\\user.entity.ts","statementMap":{"0":{"start":{"line":1,"column":0},"end":{"line":1,"column":41}},"1":{"start":{"line":7,"column":19},"end":{"line":7,"column":32}},"2":{"start":{"line":8,"column":19},"end":{"line":8,"column":33}},"3":{"start":{"line":11,"column":2},"end":{"line":13,"column":3}},"4":{"start":{"line":12,"column":3},"end":{"line":12,"column":33}},"5":{"start":{"line":17,"column":2},"end":{"line":17,"column":21}},"6":{"start":{"line":21,"column":2},"end":{"line":21,"column":20}},"7":{"start":{"line":25,"column":2},"end":{"line":25,"column":24}},"8":{"start":{"line":29,"column":2},"end":{"line":29,"column":54}},"9":{"start":{"line":33,"column":2},"end":{"line":33,"column":43}},"10":{"start":{"line":3,"column":0},"end":{"line":3,"column":13}}},"fnMap":{"0":{"name":"(anonymous_7)","decl":{"start":{"line":6,"column":1},"end":{"line":6,"column":null}},"loc":{"start":{"line":9,"column":23},"end":{"line":14,"column":2}}},"1":{"name":"(anonymous_8)","decl":{"start":{"line":16,"column":1},"end":{"line":16,"column":5}},"loc":{"start":{"line":16,"column":10},"end":{"line":18,"column":2}}},"2":{"name":"(anonymous_9)","decl":{"start":{"line":20,"column":1},"end":{"line":20,"column":5}},"loc":{"start":{"line":20,"column":9},"end":{"line":22,"column":2}}},"3":{"name":"(anonymous_10)","decl":{"start":{"line":24,"column":1},"end":{"line":24,"column":5}},"loc":{"start":{"line":24,"column":13},"end":{"line":26,"column":2}}},"4":{"name":"(anonymous_11)","decl":{"start":{"line":28,"column":14},"end":{"line":28,"column":25}},"loc":{"start":{"line":28,"column":56},"end":{"line":30,"column":null}}},"5":{"name":"(anonymous_13)","decl":{"start":{"line":32,"column":14},"end":{"line":32,"column":30}},"loc":{"start":{"line":32,"column":47},"end":{"line":34,"column":null}}}},"branchMap":{"0":{"loc":{"start":{"line":11,"column":2},"end":{"line":13,"column":3}},"type":"if","locations":[{"start":{"line":11,"column":2},"end":{"line":13,"column":3}}]}},"s":{"0":1,"1":4,"2":4,"3":4,"4":3,"5":0,"6":0,"7":0,"8":1,"9":3,"10":1},"f":{"0":4,"1":0,"2":0,"3":0,"4":1,"5":3},"b":{"0":[3]}}
,"D:\\projects\\stepik-courses\\node\\node-api\\src\\users\\users.controller.ts": {"path":"D:\\projects\\stepik-courses\\node\\node-api\\src\\users\\users.controller.ts","statementMap":{"0":{"start":{"line":2,"column":0},"end":{"line":2,"column":47}},"1":{"start":{"line":3,"column":0},"end":{"line":3,"column":36}},"2":{"start":{"line":4,"column":0},"end":{"line":4,"column":49}},"3":{"start":{"line":5,"column":0},"end":{"line":5,"column":59}},"4":{"start":{"line":6,"column":0},"end":{"line":6,"column":67}},"5":{"start":{"line":8,"column":0},"end":{"line":8,"column":55}},"6":{"start":{"line":10,"column":0},"end":{"line":10,"column":42}},"7":{"start":{"line":11,"column":0},"end":{"line":11,"column":52}},"8":{"start":{"line":12,"column":0},"end":{"line":12,"column":52}},"9":{"start":{"line":17,"column":7},"end":{"line":95,"column":null}},"10":{"start":{"line":23,"column":2},"end":{"line":23,"column":23}},"11":{"start":{"line":19,"column":41},"end":{"line":19,"column":63}},"12":{"start":{"line":20,"column":47},"end":{"line":20,"column":74}},"13":{"start":{"line":21,"column":48},"end":{"line":21,"column":77}},"14":{"start":{"line":24,"column":2},"end":{"line":43,"column":5}},"15":{"start":{"line":47,"column":17},"end":{"line":47,"column":63}},"16":{"start":{"line":49,"column":2},"end":{"line":51,"column":3}},"17":{"start":{"line":50,"column":3},"end":{"line":50,"column":55}},"18":{"start":{"line":53,"column":14},"end":{"line":53,"column":82}},"19":{"start":{"line":55,"column":2},"end":{"line":55,"column":31}},"20":{"start":{"line":59,"column":15},"end":{"line":59,"column":59}},"21":{"start":{"line":61,"column":2},"end":{"line":63,"column":3}},"22":{"start":{"line":62,"column":3},"end":{"line":62,"column":58}},"23":{"start":{"line":65,"column":2},"end":{"line":65,"column":51}},"24":{"start":{"line":69,"column":19},"end":{"line":69,"column":64}},"25":{"start":{"line":71,"column":2},"end":{"line":71,"column":61}},"26":{"start":{"line":75,"column":2},"end":{"line":93,"column":5}},"27":{"start":{"line":76,"column":3},"end":{"line":92,"column":5}},"28":{"start":{"line":86,"column":5},"end":{"line":88,"column":6}},"29":{"start":{"line":87,"column":6},"end":{"line":87,"column":20}},"30":{"start":{"line":90,"column":5},"end":{"line":90,"column":30}},"31":{"start":{"line":17,"column":13},"end":{"line":17,"column":28}},"32":{"start":{"line":17,"column":13},"end":{"line":95,"column":null}}},"fnMap":{"0":{"name":"(anonymous_11)","decl":{"start":{"line":18,"column":1},"end":{"line":18,"column":null}},"loc":{"start":{"line":21,"column":77},"end":{"line":44,"column":2}}},"1":{"name":"(anonymous_12)","decl":{"start":{"line":46,"column":7},"end":{"line":46,"column":13}},"loc":{"start":{"line":46,"column":81},"end":{"line":56,"column":null}}},"2":{"name":"(anonymous_14)","decl":{"start":{"line":58,"column":7},"end":{"line":58,"column":13}},"loc":{"start":{"line":58,"column":81},"end":{"line":66,"column":null}}},"3":{"name":"(anonymous_16)","decl":{"start":{"line":68,"column":7},"end":{"line":68,"column":11}},"loc":{"start":{"line":68,"column":59},"end":{"line":72,"column":null}}},"4":{"name":"(anonymous_18)","decl":{"start":{"line":74,"column":9},"end":{"line":74,"column":16}},"loc":{"start":{"line":74,"column":46},"end":{"line":94,"column":2}}},"5":{"name":"(anonymous_19)","decl":{"start":{"line":75,"column":21},"end":{"line":75,"column":22}},"loc":{"start":{"line":75,"column":41},"end":{"line":93,"column":3}}},"6":{"name":"(anonymous_20)","decl":{"start":{"line":85,"column":4},"end":{"line":85,"column":5}},"loc":{"start":{"line":85,"column":21},"end":{"line":91,"column":5}}}},"branchMap":{"0":{"loc":{"start":{"line":49,"column":2},"end":{"line":51,"column":3}},"type":"if","locations":[{"start":{"line":49,"column":2},"end":{"line":51,"column":3}}]},"1":{"loc":{"start":{"line":61,"column":2},"end":{"line":63,"column":3}},"type":"if","locations":[{"start":{"line":61,"column":2},"end":{"line":63,"column":3}}]},"2":{"loc":{"start":{"line":71,"column":24},"end":{"line":71,"column":39}},"type":"cond-expr","locations":[{"start":{"line":71,"column":32},"end":{"line":71,"column":34}},{"start":{"line":71,"column":24},"end":{"line":71,"column":39}}]},"3":{"loc":{"start":{"line":71,"column":24},"end":{"line":71,"column":34}},"type":"binary-expr","locations":[{"start":{"line":71,"column":24},"end":{"line":71,"column":34}},{"start":{"line":71,"column":24},"end":{"line":71,"column":34}}]},"4":{"loc":{"start":{"line":71,"column":45},"end":{"line":71,"column":57}},"type":"cond-expr","locations":[{"start":{"line":71,"column":53},"end":{"line":71,"column":55}},{"start":{"line":71,"column":45},"end":{"line":71,"column":57}}]},"5":{"loc":{"start":{"line":71,"column":45},"end":{"line":71,"column":55}},"type":"binary-expr","locations":[{"start":{"line":71,"column":45},"end":{"line":71,"column":55}},{"start":{"line":71,"column":45},"end":{"line":71,"column":55}}]},"6":{"loc":{"start":{"line":86,"column":5},"end":{"line":88,"column":6}},"type":"if","locations":[{"start":{"line":86,"column":5},"end":{"line":88,"column":6}}]}},"s":{"0":1,"1":1,"2":1,"3":1,"4":1,"5":1,"6":1,"7":1,"8":1,"9":1,"10":1,"11":1,"12":1,"13":1,"14":1,"15":4,"16":4,"17":1,"18":3,"19":3,"20":1,"21":1,"22":1,"23":0,"24":1,"25":1,"26":3,"27":3,"28":3,"29":0,"30":3,"31":1,"32":1},"f":{"0":1,"1":4,"2":1,"3":1,"4":3,"5":3,"6":3},"b":{"0":[1],"1":[1],"2":[0,1],"3":[1,1],"4":[0,1],"5":[1,1],"6":[0]}}
,"D:\\projects\\stepik-courses\\node\\node-api\\src\\users\\users.repository.ts": {"path":"D:\\projects\\stepik-courses\\node\\node-api\\src\\users\\users.repository.ts","statementMap":{"0":{"start":{"line":1,"column":0},"end":{"line":1,"column":47}},"1":{"start":{"line":2,"column":0},"end":{"line":2,"column":59}},"2":{"start":{"line":3,"column":0},"end":{"line":3,"column":42}},"3":{"start":{"line":10,"column":7},"end":{"line":30,"column":null}},"4":{"start":{"line":11,"column":59},"end":{"line":11,"column":74}},"5":{"start":{"line":14,"column":2},"end":{"line":18,"column":5}},"6":{"start":{"line":21,"column":14},"end":{"line":29,"column":null}},"7":{"start":{"line":22,"column":2},"end":{"line":28,"column":5}},"8":{"start":{"line":10,"column":13},"end":{"line":10,"column":28}},"9":{"start":{"line":10,"column":13},"end":{"line":30,"column":null}}},"fnMap":{"0":{"name":"(anonymous_11)","decl":{"start":{"line":11,"column":1},"end":{"line":11,"column":14}},"loc":{"start":{"line":11,"column":87},"end":{"line":11,"column":91}}},"1":{"name":"(anonymous_12)","decl":{"start":{"line":13,"column":7},"end":{"line":13,"column":11}},"loc":{"start":{"line":13,"column":25},"end":{"line":19,"column":null}}},"2":{"name":"(anonymous_14)","decl":{"start":{"line":21,"column":7},"end":{"line":21,"column":13}},"loc":{"start":{"line":21,"column":13},"end":{"line":29,"column":null}}},"3":{"name":"(anonymous_15)","decl":{"start":{"line":21,"column":14},"end":{"line":21,"column":16}},"loc":{"start":{"line":21,"column":45},"end":{"line":29,"column":2}}}},"branchMap":{},"s":{"0":1,"1":1,"2":1,"3":1,"4":1,"5":6,"6":0,"7":0,"8":1,"9":1},"f":{"0":1,"1":6,"2":0,"3":0},"b":{}}
,"D:\\projects\\stepik-courses\\node\\node-api\\src\\users\\users.service.ts": {"path":"D:\\projects\\stepik-courses\\node\\node-api\\src\\users\\users.service.ts","statementMap":{"0":{"start":{"line":1,"column":0},"end":{"line":1,"column":47}},"1":{"start":{"line":3,"column":0},"end":{"line":3,"column":42}},"2":{"start":{"line":6,"column":0},"end":{"line":6,"column":37}},"3":{"start":{"line":13,"column":7},"end":{"line":51,"column":null}},"4":{"start":{"line":15,"column":48},"end":{"line":15,"column":77}},"5":{"start":{"line":16,"column":50},"end":{"line":16,"column":83}},"6":{"start":{"line":20,"column":36},"end":{"line":20,"column":39}},"7":{"start":{"line":21,"column":15},"end":{"line":21,"column":36}},"8":{"start":{"line":22,"column":15},"end":{"line":22,"column":45}},"9":{"start":{"line":24,"column":2},"end":{"line":24,"column":41}},"10":{"start":{"line":26,"column":22},"end":{"line":26,"column":60}},"11":{"start":{"line":28,"column":2},"end":{"line":30,"column":3}},"12":{"start":{"line":29,"column":3},"end":{"line":29,"column":15}},"13":{"start":{"line":32,"column":2},"end":{"line":32,"column":43}},"14":{"start":{"line":36,"column":30},"end":{"line":36,"column":33}},"15":{"start":{"line":37,"column":22},"end":{"line":37,"column":60}},"16":{"start":{"line":39,"column":2},"end":{"line":41,"column":3}},"17":{"start":{"line":40,"column":3},"end":{"line":40,"column":16}},"18":{"start":{"line":43,"column":15},"end":{"line":43,"column":82}},"19":{"start":{"line":45,"column":2},"end":{"line":45,"column":41}},"20":{"start":{"line":49,"column":2},"end":{"line":49,"column":42}},"21":{"start":{"line":13,"column":13},"end":{"line":13,"column":25}},"22":{"start":{"line":13,"column":13},"end":{"line":51,"column":null}}},"fnMap":{"0":{"name":"(anonymous_11)","decl":{"start":{"line":14,"column":1},"end":{"line":14,"column":null}},"loc":{"start":{"line":16,"column":83},"end":{"line":17,"column":5}}},"1":{"name":"(anonymous_12)","decl":{"start":{"line":19,"column":7},"end":{"line":19,"column":17}},"loc":{"start":{"line":19,"column":33},"end":{"line":33,"column":null}}},"2":{"name":"(anonymous_14)","decl":{"start":{"line":35,"column":7},"end":{"line":35,"column":19}},"loc":{"start":{"line":35,"column":35},"end":{"line":46,"column":null}}},"3":{"name":"(anonymous_16)","decl":{"start":{"line":48,"column":7},"end":{"line":48,"column":18}},"loc":{"start":{"line":48,"column":32},"end":{"line":50,"column":null}}}},"branchMap":{"0":{"loc":{"start":{"line":28,"column":2},"end":{"line":30,"column":3}},"type":"if","locations":[{"start":{"line":28,"column":2},"end":{"line":30,"column":3}}]},"1":{"loc":{"start":{"line":39,"column":2},"end":{"line":41,"column":3}},"type":"if","locations":[{"start":{"line":39,"column":2},"end":{"line":41,"column":3}}]}},"s":{"0":1,"1":1,"2":1,"3":1,"4":1,"5":1,"6":1,"7":1,"8":1,"9":1,"10":1,"11":1,"12":1,"13":0,"14":4,"15":4,"16":4,"17":1,"18":3,"19":3,"20":1,"21":1,"22":1},"f":{"0":1,"1":1,"2":4,"3":1},"b":{"0":[1],"1":[1]}}
,"D:\\projects\\stepik-courses\\node\\node-api\\src\\users\\dto\\user-sign-in.dto.ts": {"path":"D:\\projects\\stepik-courses\\node\\node-api\\src\\users\\dto\\user-sign-in.dto.ts","statementMap":{"0":{"start":{"line":1,"column":0},"end":{"line":1,"column":64}},"1":{"start":{"line":3,"column":0},"end":{"line":3,"column":13}},"2":{"start":{"line":5,"column":1},"end":{"line":5,"column":null}},"3":{"start":{"line":9,"column":1},"end":{"line":9,"column":null}}},"fnMap":{},"branchMap":{},"s":{"0":1,"1":1,"2":1,"3":1},"f":{},"b":{}}
,"D:\\projects\\stepik-courses\\node\\node-api\\src\\users\\dto\\user-sign-up.dto.ts": {"path":"D:\\projects\\stepik-courses\\node\\node-api\\src\\users\\dto\\user-sign-up.dto.ts","statementMap":{"0":{"start":{"line":1,"column":0},"end":{"line":1,"column":64}},"1":{"start":{"line":3,"column":0},"end":{"line":3,"column":13}},"2":{"start":{"line":5,"column":1},"end":{"line":5,"column":null}},"3":{"start":{"line":9,"column":1},"end":{"line":9,"column":null}},"4":{"start":{"line":13,"column":1},"end":{"line":13,"column":null}}},"fnMap":{},"branchMap":{},"s":{"0":1,"1":1,"2":1,"3":1,"4":1},"f":{},"b":{}}
}
