TN:
SF:src\app.ts
FN:19,(anonymous_12)
FN:30,(anonymous_13)
FN:38,(anonymous_14)
FN:42,(anonymous_15)
FN:46,(anonymous_16)
FN:55,(anonymous_18)
FNF:6
FNH:6
FNDA:1,(anonymous_12)
FNDA:1,(anonymous_13)
FNDA:1,(anonymous_14)
FNDA:1,(anonymous_15)
FNDA:1,(anonymous_16)
FNDA:1,(anonymous_18)
DA:1,1
DA:2,1
DA:4,1
DA:5,1
DA:7,1
DA:10,1
DA:11,1
DA:14,1
DA:20,1
DA:21,1
DA:22,1
DA:23,1
DA:24,1
DA:26,1
DA:27,1
DA:31,1
DA:33,1
DA:35,1
DA:39,1
DA:43,1
DA:47,1
DA:48,1
DA:49,1
DA:50,1
DA:51,1
DA:52,1
DA:56,1
LF:27
LH:27
BRF:0
BRH:0
end_of_record
TN:
SF:src\main.ts
FN:24,(anonymous_7)
FN:35,(anonymous_8)
FN:35,(anonymous_9)
FNF:3
FNH:3
FNDA:1,(anonymous_7)
FNDA:1,(anonymous_8)
FNDA:1,(anonymous_9)
DA:1,1
DA:2,1
DA:4,1
DA:5,1
DA:7,1
DA:9,1
DA:10,1
DA:12,1
DA:14,1
DA:16,1
DA:17,1
DA:24,1
DA:25,1
DA:26,1
DA:27,1
DA:28,1
DA:29,1
DA:30,1
DA:31,1
DA:32,1
DA:35,1
DA:36,1
DA:38,1
DA:40,1
DA:42,1
DA:44,1
DA:47,1
LF:27
LH:27
BRF:0
BRH:0
end_of_record
TN:
SF:src\types.ts
FNF:0
FNH:0
DA:1,1
DA:12,1
LF:2
LH:2
BRF:0
BRH:0
end_of_record
TN:
SF:src\common\auth.guard.ts
FN:5,(anonymous_0)
FNF:1
FNH:1
FNDA:2,(anonymous_0)
DA:4,1
DA:6,2
DA:7,1
DA:10,1
LF:4
LH:4
BRDA:6,0,0,1
BRF:1
BRH:1
end_of_record
TN:
SF:src\common\auth.middleware.ts
FN:6,(anonymous_0)
FN:7,(anonymous_1)
FN:11,(anonymous_2)
FNF:3
FNH:3
FNDA:1,(anonymous_0)
FNDA:7,(anonymous_1)
FNDA:2,(anonymous_2)
DA:2,1
DA:5,1
DA:6,1
DA:8,7
DA:10,7
DA:11,2
DA:12,2
DA:13,1
DA:14,1
DA:15,1
DA:16,1
DA:20,5
LF:12
LH:12
BRDA:10,0,0,2
BRDA:10,0,1,5
BRDA:12,1,0,1
BRDA:12,1,1,1
BRDA:14,2,0,1
BRDA:14,3,0,1
BRDA:14,3,1,1
BRF:7
BRH:7
end_of_record
TN:
SF:src\common\base.controller.ts
FN:11,(anonymous_4)
FN:15,(anonymous_5)
FN:19,(anonymous_6)
FN:24,(anonymous_7)
FN:28,(anonymous_8)
FN:32,(anonymous_9)
FN:37,(anonymous_10)
FNF:7
FNH:6
FNDA:1,(anonymous_4)
FNDA:4,(anonymous_5)
FNDA:4,(anonymous_6)
FNDA:4,(anonymous_7)
FNDA:0,(anonymous_8)
FNDA:1,(anonymous_9)
FNDA:3,(anonymous_10)
DA:1,1
DA:2,1
DA:4,1
DA:8,1
DA:11,1
DA:12,1
DA:16,4
DA:20,4
DA:21,4
DA:25,4
DA:29,0
DA:33,1
DA:34,3
DA:36,3
DA:37,3
DA:39,3
DA:41,3
LF:17
LH:16
BRDA:37,0,0,0
BRDA:37,0,1,3
BRDA:37,1,0,3
BRDA:37,1,1,3
BRDA:39,2,0,3
BRDA:39,2,1,0
BRF:6
BRH:4
end_of_record
TN:
SF:src\common\validate.middleware.ts
FN:7,(anonymous_0)
FN:9,(anonymous_1)
FN:12,(anonymous_2)
FNF:3
FNH:3
FNDA:2,(anonymous_0)
FNDA:5,(anonymous_1)
FNDA:5,(anonymous_2)
DA:1,1
DA:2,1
DA:6,1
DA:7,2
DA:10,5
DA:12,5
DA:13,5
DA:14,0
DA:16,5
LF:9
LH:8
BRDA:13,0,0,0
BRDA:13,0,1,5
BRF:2
BRH:1
end_of_record
TN:
SF:src\config\config.service.ts
FN:10,(anonymous_4)
FN:23,(anonymous_5)
FNF:2
FNH:2
FNDA:1,(anonymous_4)
FNDA:5,(anonymous_5)
DA:1,1
DA:2,1
DA:4,1
DA:8,1
DA:10,1
DA:11,1
DA:13,1
DA:14,0
DA:17,1
DA:18,1
DA:20,1
DA:24,5
LF:12
LH:11
BRDA:13,0,0,0
BRDA:17,1,0,1
BRDA:17,2,0,1
BRDA:17,2,1,1
BRF:4
BRH:3
end_of_record
TN:
SF:src\database\prisma.service.ts
FN:11,(anonymous_11)
FN:15,(anonymous_12)
FN:26,(anonymous_14)
FNF:3
FNH:2
FNDA:1,(anonymous_11)
FNDA:1,(anonymous_12)
FNDA:0,(anonymous_14)
DA:1,1
DA:3,1
DA:5,1
DA:8,1
DA:11,1
DA:12,1
DA:16,1
DA:17,1
DA:18,1
DA:20,0
DA:21,0
DA:27,0
LF:12
LH:9
BRDA:20,0,0,0
BRF:1
BRH:0
end_of_record
TN:
SF:src\errors\exeption-filter.service.ts
FN:10,(anonymous_4)
FN:12,(anonymous_5)
FNF:2
FNH:2
FNDA:1,(anonymous_4)
FNDA:2,(anonymous_5)
DA:2,1
DA:4,1
DA:6,1
DA:9,1
DA:10,1
DA:13,2
DA:14,2
DA:15,2
DA:17,0
DA:18,0
LF:10
LH:8
BRDA:13,0,0,2
BRDA:13,0,1,0
BRF:2
BRH:1
end_of_record
TN:
SF:src\errors\http-error.class.ts
FN:5,(anonymous_0)
FNF:1
FNH:1
FNDA:2,(anonymous_0)
DA:1,1
DA:6,2
DA:7,2
DA:8,2
DA:9,2
LF:5
LH:5
BRF:0
BRH:0
end_of_record
TN:
SF:src\logger\logger.service.ts
FN:9,(anonymous_2)
FN:18,(anonymous_3)
FN:22,(anonymous_4)
FN:26,(anonymous_5)
FNF:4
FNH:3
FNDA:1,(anonymous_2)
FNDA:6,(anonymous_3)
FNDA:2,(anonymous_4)
FNDA:0,(anonymous_5)
DA:1,1
DA:2,1
DA:6,1
DA:10,1
DA:19,6
DA:23,2
DA:27,0
LF:7
LH:6
BRF:0
BRH:0
end_of_record
TN:
SF:src\users\user.entity.ts
FN:6,(anonymous_7)
FN:16,(anonymous_8)
FN:20,(anonymous_9)
FN:24,(anonymous_10)
FN:28,(anonymous_11)
FN:32,(anonymous_13)
FNF:6
FNH:3
FNDA:4,(anonymous_7)
FNDA:0,(anonymous_8)
FNDA:0,(anonymous_9)
FNDA:0,(anonymous_10)
FNDA:1,(anonymous_11)
FNDA:3,(anonymous_13)
DA:1,1
DA:3,1
DA:7,4
DA:8,4
DA:11,4
DA:12,3
DA:17,0
DA:21,0
DA:25,0
DA:29,1
DA:33,3
LF:11
LH:8
BRDA:11,0,0,3
BRF:1
BRH:1
end_of_record
TN:
SF:src\users\users.controller.ts
FN:18,(anonymous_11)
FN:46,(anonymous_12)
FN:58,(anonymous_14)
FN:68,(anonymous_16)
FN:74,(anonymous_18)
FN:75,(anonymous_19)
FN:85,(anonymous_20)
FNF:7
FNH:7
FNDA:1,(anonymous_11)
FNDA:4,(anonymous_12)
FNDA:1,(anonymous_14)
FNDA:1,(anonymous_16)
FNDA:3,(anonymous_18)
FNDA:3,(anonymous_19)
FNDA:3,(anonymous_20)
DA:2,1
DA:3,1
DA:4,1
DA:5,1
DA:6,1
DA:8,1
DA:10,1
DA:11,1
DA:12,1
DA:17,1
DA:19,1
DA:20,1
DA:21,1
DA:23,1
DA:24,1
DA:47,4
DA:49,4
DA:50,1
DA:53,3
DA:55,3
DA:59,1
DA:61,1
DA:62,1
DA:65,0
DA:69,1
DA:71,1
DA:75,3
DA:76,3
DA:86,3
DA:87,0
DA:90,3
LF:31
LH:29
BRDA:49,0,0,1
BRDA:61,1,0,1
BRDA:71,2,0,0
BRDA:71,2,1,1
BRDA:71,3,0,1
BRDA:71,3,1,1
BRDA:71,4,0,0
BRDA:71,4,1,1
BRDA:71,5,0,1
BRDA:71,5,1,1
BRDA:86,6,0,0
BRF:11
BRH:8
end_of_record
TN:
SF:src\users\users.repository.ts
FN:11,(anonymous_11)
FN:13,(anonymous_12)
FN:21,(anonymous_14)
FN:21,(anonymous_15)
FNF:4
FNH:2
FNDA:1,(anonymous_11)
FNDA:6,(anonymous_12)
FNDA:0,(anonymous_14)
FNDA:0,(anonymous_15)
DA:1,1
DA:2,1
DA:3,1
DA:10,1
DA:11,1
DA:14,6
DA:21,0
DA:22,0
LF:8
LH:6
BRF:0
BRH:0
end_of_record
TN:
SF:src\users\users.service.ts
FN:14,(anonymous_11)
FN:19,(anonymous_12)
FN:35,(anonymous_14)
FN:48,(anonymous_16)
FNF:4
FNH:4
FNDA:1,(anonymous_11)
FNDA:1,(anonymous_12)
FNDA:4,(anonymous_14)
FNDA:1,(anonymous_16)
DA:1,1
DA:3,1
DA:6,1
DA:13,1
DA:15,1
DA:16,1
DA:20,1
DA:21,1
DA:22,1
DA:24,1
DA:26,1
DA:28,1
DA:29,1
DA:32,0
DA:36,4
DA:37,4
DA:39,4
DA:40,1
DA:43,3
DA:45,3
DA:49,1
LF:21
LH:20
BRDA:28,0,0,1
BRDA:39,1,0,1
BRF:2
BRH:2
end_of_record
TN:
SF:src\users\dto\user-sign-in.dto.ts
FNF:0
FNH:0
DA:1,1
DA:3,1
DA:5,1
DA:9,1
LF:4
LH:4
BRF:0
BRH:0
end_of_record
TN:
SF:src\users\dto\user-sign-up.dto.ts
FNF:0
FNH:0
DA:1,1
DA:3,1
DA:5,1
DA:9,1
DA:13,1
LF:5
LH:5
BRF:0
BRH:0
end_of_record
